<?xml version="1.0" encoding="UTF-8"?>
<testsuite xmlns:xsi="http://www.w3.org/2001/XMLSchema-instance" xsi:noNamespaceSchemaLocation="https://maven.apache.org/surefire/maven-surefire-plugin/xsd/surefire-test-report-3.0.xsd" version="3.0" name="com.java.firebase.demo.DemoApplicationTests" time="9.857" tests="1" errors="0" skipped="0" failures="0">
  <properties>
[...]
</properties>
  <testcase name="contextLoads" classname="com.java.firebase.demo.DemoApplicationTests" time="2.19">
    <system-out><![CDATA[
  .   ____          _            __ _ _
 /\\ / ___'_ __ _ _(_)_ __  __ _ \ \ \ \
( ( )\___ | '_ | '_| | '_ \/ _` | \ \ \ \
 \\/  ___)| |_)| | | | | || (_| |  ) ) ) )
  '  |____| .__|_| |_|_| |_\__, | / / / /
 =========|_|==============|___/=/_/_/_/

 :: Spring Boot ::                (v3.3.3)

2024-09-11T16:22:27.251+08:00  INFO 25786 --- [demo] [           main] c.j.firebase.demo.DemoApplicationTests   : Starting DemoApplicationTests using Java 17.0.10 with PID 25786 (started by cgmba in /Users/cgmba/CODE/cs203/git branches/cs203/Firebase-java/demo)
2024-09-11T16:22:27.256+08:00  INFO 25786 --- [demo] [           main] c.j.firebase.demo.DemoApplicationTests   : No active profile set, falling back to 1 default profile: "default"
2024-09-11T16:22:31.086+08:00  INFO 25786 --- [demo] [           main] c.j.firebase.demo.DemoApplicationTests   : Started DemoApplicationTests in 4.885 seconds (process running for 10.482)
]]></system-out>
  </testcase>
</testsuite>